<?xml version="1.0" encoding="UTF-8" ?>

<testsuite failures="0" time="0" errors="0" skipped="0" tests="1" name="BasicTests">
  <testcase classname="BasicTests" name="should run this dumb test" time="0">
      </testcase>
</testsuite>
